0.000000000000000000e+00
4.553734061930783238e-04
4.553734061930783238e-04
4.553734061930783238e-04
4.553734061930783238e-04
9.107468123861566477e-04
9.107468123861566477e-04
1.366120218579234971e-03
1.366120218579234971e-03
1.821493624772313295e-03
1.821493624772313295e-03
2.276867030965391836e-03
2.276867030965391836e-03
2.732240437158469943e-03
2.732240437158469943e-03
2.732240437158469943e-03
2.732240437158469943e-03
3.187613843351548484e-03
3.187613843351548484e-03
3.642987249544626591e-03
3.642987249544626591e-03
4.098360655737705131e-03
4.098360655737705131e-03
4.098360655737705131e-03
4.098360655737705131e-03
4.553734061930783672e-03
4.553734061930783672e-03
5.009107468123861345e-03
5.009107468123861345e-03
5.464480874316939886e-03
5.464480874316939886e-03
5.919854280510018427e-03
5.919854280510018427e-03
6.375227686703096967e-03
6.375227686703096967e-03
6.830601092896174641e-03
6.830601092896174641e-03
7.285974499089253181e-03
7.285974499089253181e-03
7.285974499089253181e-03
7.285974499089253181e-03
7.741347905282331722e-03
7.741347905282331722e-03
8.652094717668487936e-03
8.652094717668487936e-03
9.107468123861567344e-03
9.107468123861567344e-03
9.562841530054645017e-03
9.562841530054645017e-03
1.001821493624772269e-02
1.001821493624772269e-02
1.047358834244080210e-02
1.047358834244080210e-02
1.047358834244080210e-02
1.047358834244080210e-02
1.092896174863387977e-02
1.092896174863387977e-02
1.138433515482695745e-02
1.138433515482695745e-02
1.138433515482695745e-02
1.183970856102003685e-02
1.183970856102003685e-02
1.229508196721311453e-02
1.229508196721311453e-02
1.229508196721311453e-02
1.229508196721311453e-02
1.275045537340619393e-02
1.275045537340619393e-02
1.366120218579234928e-02
1.366120218579234928e-02
1.366120218579234928e-02
1.366120218579234928e-02
1.457194899817850636e-02
1.457194899817850636e-02
1.502732240437158404e-02
1.502732240437158404e-02
1.548269581056466344e-02
1.548269581056466344e-02
1.593806921675774285e-02
1.593806921675774285e-02
1.639344262295082053e-02
1.639344262295082053e-02
1.684881602914389820e-02
1.684881602914389820e-02
1.730418943533697587e-02
1.730418943533697587e-02
1.775956284153005355e-02
1.775956284153005355e-02
1.775956284153005355e-02
1.775956284153005355e-02
1.821493624772313469e-02
1.821493624772313469e-02
1.867030965391621236e-02
1.867030965391621236e-02
1.912568306010929003e-02
1.912568306010929003e-02
1.958105646630236771e-02
1.958105646630236771e-02
2.003642987249544538e-02
2.003642987249544538e-02
2.049180327868852305e-02
2.049180327868852305e-02
2.094717668488160420e-02
2.094717668488160420e-02
2.094717668488160420e-02
2.094717668488160420e-02
2.140255009107468187e-02
2.140255009107468187e-02
2.140255009107468187e-02
2.140255009107468187e-02
2.185792349726775954e-02
2.185792349726775954e-02
2.231329690346083722e-02
2.231329690346083722e-02
2.322404371584699603e-02
2.322404371584699603e-02
2.367941712204007371e-02
2.367941712204007371e-02
2.367941712204007371e-02
2.413479052823315138e-02
2.413479052823315138e-02
2.550091074681238787e-02
2.550091074681238787e-02
2.641165755919854322e-02
2.641165755919854322e-02
2.641165755919854322e-02
2.641165755919854322e-02
2.686703096539162089e-02
2.686703096539162089e-02
2.777777777777777624e-02
2.777777777777777624e-02
2.868852459016393505e-02
2.868852459016393505e-02
2.868852459016393505e-02
2.868852459016393505e-02
2.914389799635701273e-02
2.914389799635701273e-02
2.959927140255009040e-02
2.959927140255009040e-02
3.005464480874316807e-02
3.005464480874316807e-02
3.051001821493624921e-02
3.051001821493624921e-02
3.051001821493624921e-02
3.051001821493624921e-02
3.096539162112932689e-02
3.096539162112932689e-02
3.142076502732240456e-02
3.142076502732240456e-02
3.187613843351548570e-02
3.187613843351548570e-02
3.233151183970855991e-02
3.233151183970855991e-02
3.233151183970855991e-02
3.233151183970855991e-02
3.233151183970855991e-02
3.278688524590164105e-02
3.278688524590164105e-02
3.324225865209471525e-02
3.324225865209471525e-02
3.369763205828779640e-02
3.369763205828779640e-02
3.415300546448087754e-02
3.415300546448087754e-02
3.460837887067395174e-02
3.460837887067395174e-02
3.506375227686703289e-02
3.506375227686703289e-02
3.551912568306010709e-02
3.551912568306010709e-02
3.597449908925318823e-02
3.597449908925318823e-02
3.642987249544626938e-02
3.642987249544626938e-02
3.688524590163934358e-02
3.688524590163934358e-02
3.734061930783242472e-02
3.734061930783242472e-02
3.734061930783242472e-02
3.779599271402549893e-02
3.779599271402549893e-02
3.779599271402549893e-02
3.779599271402549893e-02
3.825136612021858007e-02
3.825136612021858007e-02
3.870673952641165427e-02
3.870673952641165427e-02
3.916211293260473542e-02
3.916211293260473542e-02
3.961748633879781656e-02
3.961748633879781656e-02
4.007285974499089076e-02
4.007285974499089076e-02
4.052823315118397191e-02
4.052823315118397191e-02
4.143897996357012725e-02
4.143897996357012725e-02
4.189435336976320839e-02
4.189435336976320839e-02
4.280510018214936374e-02
4.280510018214936374e-02
4.280510018214936374e-02
4.280510018214936374e-02
4.326047358834243795e-02
4.326047358834243795e-02
4.417122040072860023e-02
4.417122040072860023e-02
4.417122040072860023e-02
4.417122040072860023e-02
4.462659380692167443e-02
4.462659380692167443e-02
4.508196721311475558e-02
4.508196721311475558e-02
4.553734061930782978e-02
4.553734061930782978e-02
4.644808743169399207e-02
4.644808743169399207e-02
4.690346083788706627e-02
4.690346083788706627e-02
4.735883424408014741e-02
4.735883424408014741e-02
4.781420765027322162e-02
4.781420765027322162e-02
4.826958105646630276e-02
4.826958105646630276e-02
4.872495446265938390e-02
4.872495446265938390e-02
4.872495446265938390e-02
4.872495446265938390e-02
4.918032786885245811e-02
4.918032786885245811e-02
4.918032786885245811e-02
4.963570127504553925e-02
4.963570127504553925e-02
5.054644808743169460e-02
5.054644808743169460e-02
5.100182149362477574e-02
5.100182149362477574e-02
5.145719489981784994e-02
5.145719489981784994e-02
5.191256830601093109e-02
5.191256830601093109e-02
5.282331511839708643e-02
5.282331511839708643e-02
5.327868852459016064e-02
5.327868852459016064e-02
5.373406193078324178e-02
5.373406193078324178e-02
5.418943533697632292e-02
5.418943533697632292e-02
5.464480874316939712e-02
5.464480874316939712e-02
5.555555555555555247e-02
5.555555555555555247e-02
5.646630236794171476e-02
5.646630236794171476e-02
5.692167577413478896e-02
5.692167577413478896e-02
5.874316939890710659e-02
5.874316939890710659e-02
5.919854280510018080e-02
5.919854280510018080e-02
6.010928961748633614e-02
6.010928961748633614e-02
6.056466302367941729e-02
6.056466302367941729e-02
6.102003642987249843e-02
6.102003642987249843e-02
6.147540983606557263e-02
6.147540983606557263e-02
6.193078324225865378e-02
6.193078324225865378e-02
6.238615664845172798e-02
6.238615664845172798e-02
6.284153005464480912e-02
6.284153005464480912e-02
6.329690346083788333e-02
6.329690346083788333e-02
6.375227686703097141e-02
6.420765027322404561e-02
6.420765027322404561e-02
6.466302367941711982e-02
6.466302367941711982e-02
6.511839708561019402e-02
6.511839708561019402e-02
6.557377049180328210e-02
6.557377049180328210e-02
6.648451730418943051e-02
6.648451730418943051e-02
6.648451730418943051e-02
6.648451730418943051e-02
6.693989071038251859e-02
6.693989071038251859e-02
6.739526411657559279e-02
6.739526411657559279e-02
6.785063752276866700e-02
6.785063752276866700e-02
6.785063752276866700e-02
6.830601092896175508e-02
6.830601092896175508e-02
6.876138433515482928e-02
6.876138433515482928e-02
6.876138433515482928e-02
6.876138433515482928e-02
6.921675774134790349e-02
6.921675774134790349e-02
6.967213114754097769e-02
6.967213114754097769e-02
7.012750455373406577e-02
7.012750455373406577e-02
7.103825136612021418e-02
7.103825136612021418e-02
7.194899817850637647e-02
7.194899817850637647e-02
7.331511839708561296e-02
7.331511839708561296e-02
7.468123861566484945e-02
7.468123861566484945e-02
7.513661202185792365e-02
7.513661202185792365e-02
7.604735883424408593e-02
7.604735883424408593e-02
7.650273224043716014e-02
7.650273224043716014e-02
7.695810564663023434e-02
7.695810564663023434e-02
7.741347905282330855e-02
7.741347905282330855e-02
7.786885245901639663e-02
7.786885245901639663e-02
7.832422586520947083e-02
7.832422586520947083e-02
7.877959927140254504e-02
7.877959927140254504e-02
7.923497267759563312e-02
7.923497267759563312e-02
7.969034608378870732e-02
7.969034608378870732e-02
8.014571948998178152e-02
8.014571948998178152e-02
8.014571948998178152e-02
8.014571948998178152e-02
8.151183970856101801e-02
8.151183970856101801e-02
8.196721311475409222e-02
8.196721311475409222e-02
8.242258652094718030e-02
8.242258652094718030e-02
8.287795992714025450e-02
8.287795992714025450e-02
8.287795992714025450e-02
8.287795992714025450e-02
8.333333333333332871e-02
8.333333333333332871e-02
8.424408014571949099e-02
8.424408014571949099e-02
8.515482695810565328e-02
8.515482695810565328e-02
8.561020036429872748e-02
8.561020036429872748e-02
8.652094717668487589e-02
8.652094717668487589e-02
8.697632058287796397e-02
8.697632058287796397e-02
8.743169398907103818e-02
8.743169398907103818e-02
8.788706739526411238e-02
8.788706739526411238e-02
8.834244080145720046e-02
8.834244080145720046e-02
8.834244080145720046e-02
8.834244080145720046e-02
8.879781420765027466e-02
8.879781420765027466e-02
9.016393442622951115e-02
9.016393442622951115e-02
9.153005464480874764e-02
9.153005464480874764e-02
9.198542805100182185e-02
9.198542805100182185e-02
9.244080145719489605e-02
9.244080145719489605e-02
9.289617486338798413e-02
9.289617486338798413e-02
9.335154826958105834e-02
9.335154826958105834e-02
9.380692167577413254e-02
9.380692167577413254e-02
9.426229508196720674e-02
9.426229508196720674e-02
9.517304189435336903e-02
9.517304189435336903e-02
9.562841530054644323e-02
9.562841530054644323e-02
9.608378870673953132e-02
9.608378870673953132e-02
9.653916211293260552e-02
9.653916211293260552e-02
9.699453551912567972e-02
9.699453551912567972e-02
9.927140255009107850e-02
9.927140255009107850e-02
1.006375227686703150e-01
1.006375227686703150e-01
1.024590163934426257e-01
1.024590163934426257e-01
1.029143897996356999e-01
1.029143897996356999e-01
1.033697632058287741e-01
1.033697632058287741e-01
1.042805100182149364e-01
1.042805100182149364e-01
1.051912568306010987e-01
1.051912568306010987e-01
1.051912568306010987e-01
1.051912568306010987e-01
1.056466302367941729e-01
1.056466302367941729e-01
1.074681238615664836e-01
1.074681238615664836e-01
1.079234972677595578e-01
1.079234972677595578e-01
1.083788706739526458e-01
1.083788706739526458e-01
1.111111111111111049e-01
1.111111111111111049e-01
1.138433515482695779e-01
1.138433515482695779e-01
1.147540983606557402e-01
1.147540983606557402e-01
1.152094717668488144e-01
1.152094717668488144e-01
1.156648451730418886e-01
1.156648451730418886e-01
1.161202185792349767e-01
1.161202185792349767e-01
1.170309653916211251e-01
1.170309653916211251e-01
1.179417122040072874e-01
1.179417122040072874e-01
1.188524590163934358e-01
1.188524590163934358e-01
1.193078324225865239e-01
1.193078324225865239e-01
1.197632058287795981e-01
1.197632058287795981e-01
1.202185792349726723e-01
1.202185792349726723e-01
1.211293260473588346e-01
1.211293260473588346e-01
1.215846994535519088e-01
1.215846994535519088e-01
1.220400728597449969e-01
1.220400728597449969e-01
1.224954462659380711e-01
1.224954462659380711e-01
1.229508196721311453e-01
1.229508196721311453e-01
1.243169398907103818e-01
1.243169398907103818e-01
1.252276867030965302e-01
1.252276867030965302e-01
1.256830601092896182e-01
1.256830601092896182e-01
1.275045537340619428e-01
1.275045537340619428e-01
1.279599271402550031e-01
1.279599271402550031e-01
1.293260473588342396e-01
1.293260473588342396e-01
1.297814207650273277e-01
1.297814207650273277e-01
1.302367941712203880e-01
1.302367941712203880e-01
1.306921675774134761e-01
1.306921675774134761e-01
1.329690346083788610e-01
1.329690346083788610e-01
1.334244080145719491e-01
1.334244080145719491e-01
1.347905282331511856e-01
1.347905282331511856e-01
1.361566484517304221e-01
1.361566484517304221e-01
1.366120218579235102e-01
1.366120218579235102e-01
1.375227686703096586e-01
1.375227686703096586e-01
1.384335154826958070e-01
1.384335154826958070e-01
1.393442622950819554e-01
1.393442622950819554e-01
1.402550091074681315e-01
1.402550091074681315e-01
1.411657559198542800e-01
1.425318761384335164e-01
1.425318761384335164e-01
1.434426229508196649e-01
1.434426229508196649e-01
1.448087431693989013e-01
1.448087431693989013e-01
1.470856102003642862e-01
1.470856102003642862e-01
1.489071038251366108e-01
1.489071038251366108e-01
1.498178506375227592e-01
1.498178506375227592e-01
1.516393442622950838e-01
1.516393442622950838e-01
1.520947176684881719e-01
1.520947176684881719e-01
1.525500910746812322e-01
1.525500910746812322e-01
1.525500910746812322e-01
1.525500910746812322e-01
1.530054644808743203e-01
1.530054644808743203e-01
1.543715846994535568e-01
1.543715846994535568e-01
1.548269581056466171e-01
1.548269581056466171e-01
1.561930783242258536e-01
1.561930783242258536e-01
1.584699453551912662e-01
1.584699453551912662e-01
1.602914389799635630e-01
1.602914389799635630e-01
1.616575591985427995e-01
1.616575591985427995e-01
1.653005464480874209e-01
1.653005464480874209e-01
1.653005464480874209e-01
1.680327868852458939e-01
1.680327868852458939e-01
1.707650273224043669e-01
1.707650273224043669e-01
1.730418943533697518e-01
1.730418943533697518e-01
1.734972677595628399e-01
1.734972677595628399e-01
1.748633879781420764e-01
1.748633879781420764e-01
1.762295081967213128e-01
1.762295081967213128e-01
1.766848816029144009e-01
1.766848816029144009e-01
1.816939890710382588e-01
1.816939890710382588e-01
1.821493624772313191e-01
1.821493624772313191e-01
1.839708561020036437e-01
1.839708561020036437e-01
1.848816029143897921e-01
1.848816029143897921e-01
1.853369763205828802e-01
1.853369763205828802e-01
1.857923497267759683e-01
1.857923497267759683e-01
1.862477231329690286e-01
1.862477231329690286e-01
1.889799635701275016e-01
1.889799635701275016e-01
1.908014571948998261e-01
1.908014571948998261e-01
1.912568306010928865e-01
1.912568306010928865e-01
1.912568306010928865e-01
1.930783242258652110e-01
1.930783242258652110e-01
1.935336976320582991e-01
1.944444444444444475e-01
2.003642987249544538e-01
2.003642987249544538e-01
2.012750455373406300e-01
2.012750455373406300e-01
2.081056466302367847e-01
2.081056466302367847e-01
2.099271402550091092e-01
2.099271402550091092e-01
2.103825136612021973e-01
2.103825136612021973e-01
2.112932604735883457e-01
2.112932604735883457e-01
2.167577413479052917e-01
2.167577413479052917e-01
2.172131147540983520e-01
2.172131147540983520e-01
2.199453551912568250e-01
2.199453551912568250e-01
2.208561020036429734e-01
2.208561020036429734e-01
2.213114754098360615e-01
2.213114754098360615e-01
2.217668488160291496e-01
2.217668488160291496e-01
2.231329690346083860e-01
2.231329690346083860e-01
2.231329690346083860e-01
2.240437158469945345e-01
2.240437158469945345e-01
2.249544626593806829e-01
2.249544626593806829e-01
2.263205828779599194e-01
2.263205828779599194e-01
2.267759562841530074e-01
2.267759562841530074e-01
2.272313296903460955e-01
2.272313296903460955e-01
2.304189435336976288e-01
2.304189435336976288e-01
2.308743169398907169e-01
2.308743169398907169e-01
2.322404371584699534e-01
2.322404371584699534e-01
2.349726775956284264e-01
2.349726775956284264e-01
2.354280510018214867e-01
2.354280510018214867e-01
2.395264116575591962e-01
2.395264116575591962e-01
2.413479052823315207e-01
2.413479052823315207e-01
2.418032786885245811e-01
2.418032786885245811e-01
2.440801457194899937e-01
2.445355191256830540e-01
2.490892531876138516e-01
2.490892531876138516e-01
2.513661202185792365e-01
2.513661202185792365e-01
2.545537340619307698e-01
2.545537340619307698e-01
2.572859744990892428e-01
2.572859744990892428e-01
2.632058287795992491e-01
2.632058287795992491e-01
2.663934426229508379e-01
2.663934426229508379e-01
2.682149362477231347e-01
2.682149362477231347e-01
2.695810564663023712e-01
2.695810564663023712e-01
2.704918032786885473e-01
2.704918032786885473e-01
2.750455373406193171e-01
2.750455373406193171e-01
2.755009107468123775e-01
2.764116575591985536e-01
2.764116575591985536e-01
2.791438979963570266e-01
2.791438979963570266e-01
2.795992714025500869e-01
2.795992714025500869e-01
2.818761384335154996e-01
2.818761384335154996e-01
2.823315118397085599e-01
2.823315118397085599e-01
2.841530054644808567e-01
2.841530054644808567e-01
2.864298724954462694e-01
2.864298724954462694e-01
2.987249544626593978e-01
2.987249544626593978e-01
2.996357012750455184e-01
2.996357012750455184e-01
3.014571948998178708e-01
3.014571948998178708e-01
3.019125683060109311e-01
3.019125683060109311e-01
3.032786885245901676e-01
3.032786885245901676e-01
3.037340619307832279e-01
3.037340619307832279e-01
3.041894353369763437e-01
3.041894353369763437e-01
3.051001821493624644e-01
3.051001821493624644e-01
3.078324225865209374e-01
3.087431693989071135e-01
3.123861566484517072e-01
3.123861566484517072e-01
3.142076502732240595e-01
3.142076502732240595e-01
3.151183970856101801e-01
3.151183970856101801e-01
3.183060109289617690e-01
3.183060109289617690e-01
3.192167577413478896e-01
3.192167577413478896e-01
3.210382513661202419e-01
3.210382513661202419e-01
3.214936247723133023e-01
3.214936247723133023e-01
3.219489981785063626e-01
3.219489981785063626e-01
3.224043715846994784e-01
3.224043715846994784e-01
3.228597449908925388e-01
3.228597449908925388e-01
3.233151183970855991e-01
3.233151183970855991e-01
3.237704918032787149e-01
3.242258652094717752e-01
3.255919854280510117e-01
3.255919854280510117e-01
3.265027322404371324e-01
3.265027322404371324e-01
3.269581056466302482e-01
3.269581056466302482e-01
3.278688524590163689e-01
3.283242258652094847e-01
3.283242258652094847e-01
3.296903460837887212e-01
3.306010928961748419e-01
3.374316939890710243e-01
3.374316939890710243e-01
3.428961748633879703e-01
3.428961748633879703e-01
3.542805100182149225e-01
3.542805100182149225e-01
3.547358834244080383e-01
3.547358834244080383e-01
3.570127504553733955e-01
3.570127504553733955e-01
3.592896174863388081e-01
3.592896174863388081e-01
3.602003642987249288e-01
3.602003642987249288e-01
3.642987249544626382e-01
3.642987249544626382e-01
3.661202185792349906e-01
3.661202185792349906e-01
3.670309653916211112e-01
3.670309653916211112e-01
3.738615664845172937e-01
3.738615664845172937e-01
3.765938069216757667e-01
3.765938069216757667e-01
3.770491803278688270e-01
3.770491803278688270e-01
3.929872495446266045e-01
3.929872495446266045e-01
3.961748633879781378e-01
3.961748633879781378e-01
3.998178506375227870e-01
3.998178506375227870e-01
4.020947176684881441e-01
4.020947176684881441e-01
4.034608378870673806e-01
4.043715846994535568e-01
4.043715846994535568e-01
4.148451730418943328e-01
4.148451730418943328e-01
4.321493624772313469e-01
4.321493624772313469e-01
4.339708561020036437e-01
4.348816029143898199e-01
4.362477231329690563e-01
4.362477231329690563e-01
4.385245901639344135e-01
4.385245901639344135e-01
4.558287795992714275e-01
4.558287795992714275e-01
4.581056466302367847e-01
4.581056466302367847e-01
4.603825136612021973e-01
4.603825136612021973e-01
4.635701275045537306e-01
4.635701275045537306e-01
4.690346083788706766e-01
4.690346083788706766e-01
4.863387978142076351e-01
4.863387978142076351e-01
5.040983606557376540e-01
5.040983606557376540e-01
5.113843351548269522e-01
5.113843351548269522e-01
5.122950819672130729e-01
5.127504553734062442e-01
5.132058287795993046e-01
5.132058287795993046e-01
5.341530054644808567e-01
5.341530054644808567e-01
5.377959927140254504e-01
5.377959927140254504e-01
5.469034608378871010e-01
5.478142076502732216e-01
5.487249544626593423e-01
5.487249544626593423e-01
5.510018214936247549e-01
5.519125683060108756e-01
5.532786885245901676e-01
5.541894353369762882e-01
5.551001821493625199e-01
5.551001821493625199e-01
5.569216757741347612e-01
5.569216757741347612e-01
5.582877959927140532e-01
5.591985428051001739e-01
5.632969034608379388e-01
5.632969034608379388e-01
5.869763205828779640e-01
5.887978142076503163e-01
5.906193078324225576e-01
5.915300546448087893e-01
5.928961748633879703e-01
5.928961748633879703e-01
5.956284153005464432e-01
5.965391621129325639e-01
6.006375227686703289e-01
6.006375227686703289e-01
6.029143897996357415e-01
6.029143897996357415e-01
6.083788706739526875e-01
6.083788706739526875e-01
6.211293260473588207e-01
6.220400728597449413e-01
6.234061930783242333e-01
6.247723132969034143e-01
6.261384335154827063e-01
6.279599271402550587e-01
6.357012750455373062e-01
6.375227686703096586e-01
6.388888888888888395e-01
6.397996357012750712e-01
6.407103825136611919e-01
6.434426229508196649e-01
6.525500910746812044e-01
6.539162112932604964e-01
6.721311475409835756e-01
6.757741347905282803e-01
6.771402550091074612e-01
6.785063752276867532e-01
6.862477231329690008e-01
6.880692167577413532e-01
6.958105646630237118e-01
6.958105646630237118e-01
6.958105646630237118e-01
7.040072859744991307e-01
7.049180327868852514e-01
7.081056466302367847e-01
7.094717668488160767e-01
7.126593806921676100e-01
7.149362477231330226e-01
7.295081967213115082e-01
7.304189435336976288e-01
7.354280510018215145e-01
7.363387978142076351e-01
7.572859744990892983e-01
7.581967213114754189e-01
7.595628415300545999e-01
7.595628415300545999e-01
7.632058287795993046e-01
7.654826958105647172e-01
7.663934426229508379e-01
7.723132969034608442e-01
7.736794171220400251e-01
7.877959927140254504e-01
7.887067395264116820e-01
7.928051001821493360e-01
7.941712204007286280e-01
8.151183970856101801e-01
8.164845173041894721e-01
8.196721311475410054e-01
8.205828779599271261e-01
8.246812386156648911e-01
8.246812386156648911e-01
8.274134790528233641e-01
8.283242258652094847e-01
8.501821493624772685e-01
8.515482695810564495e-01
8.583788706739526875e-01
8.592896174863388081e-01
8.620218579234972811e-01
8.638433515482696334e-01
8.702185792349727000e-01
8.715846994535518810e-01
8.966302367941711982e-01
8.966302367941711982e-01
9.107468123861566234e-01
9.107468123861566234e-01
9.143897996357013280e-01
9.157559198542805090e-01
9.216757741347905153e-01
9.225865209471766359e-01
1.000000000000000000e+00
