4.562043795620437806e-04
4.562043795620437806e-04
1.459854014598540098e-02
1.551094890510948919e-02
1.916058394160584030e-02
1.916058394160584030e-02
4.653284671532846584e-02
4.653284671532846584e-02
6.523722627737225943e-02
6.523722627737225943e-02
8.029197080291970712e-02
8.029197080291970712e-02
9.580291970802919110e-02
9.580291970802919110e-02
1.373175182481751744e-01
1.382299270072992747e-01
1.564781021897810320e-01
1.564781021897810320e-01
1.614963503649635146e-01
1.614963503649635146e-01
2.030109489051094840e-01
2.030109489051094840e-01
2.125912408759124128e-01
2.139598540145985495e-01
2.221715328467153416e-01
2.221715328467153416e-01
2.285583941605839331e-01
2.285583941605839331e-01
2.486313868613138633e-01
2.486313868613138633e-01
2.673357664233576569e-01
2.673357664233576569e-01
2.892335766423357879e-01
2.892335766423357879e-01
3.156934306569342819e-01
3.156934306569342819e-01
3.234489051094890377e-01
3.234489051094890377e-01
3.284671532846715203e-01
3.293795620437955929e-01
3.343978102189780754e-01
3.343978102189780754e-01
3.389598540145985495e-01
3.389598540145985495e-01
3.531021897810219246e-01
3.531021897810219246e-01
3.763686131386861367e-01
3.763686131386861367e-01
3.836678832116788285e-01
3.836678832116788285e-01
3.841240875912408925e-01
3.841240875912408925e-01
4.242700729927007530e-01
4.251824817518248256e-01
4.302007299270073082e-01
4.302007299270073082e-01
4.429744525547445466e-01
4.429744525547445466e-01
4.493613138686131658e-01
4.502737226277372384e-01
4.502737226277372384e-01
4.516423357664233751e-01
4.516423357664233751e-01
4.530109489051095117e-01
4.539233576642335843e-01
4.589416058394160669e-01
4.589416058394160669e-01
4.603102189781022036e-01
4.603102189781022036e-01
4.781021897810219246e-01
4.790145985401459972e-01
4.835766423357664157e-01
4.835766423357664157e-01
4.913321167883211715e-01
4.913321167883211715e-01
4.949817518248175174e-01
4.949817518248175174e-01
4.977189781021897907e-01
4.977189781021897907e-01
5.054744525547445466e-01
5.054744525547445466e-01
5.091240875912408370e-01
5.091240875912408370e-01
5.109489051094890932e-01
5.109489051094890932e-01
5.168795620437955929e-01
5.168795620437955929e-01
5.228102189781022036e-01
5.237226277372263317e-01
5.269160583941605580e-01
5.269160583941605580e-01
5.424270072992700698e-01
5.424270072992700698e-01
5.428832116788321338e-01
5.428832116788321338e-01
5.447080291970802790e-01
5.447080291970802790e-01
5.469890510948904883e-01
5.469890510948904883e-01
5.479014598540146164e-01
5.479014598540146164e-01
5.611313868613139189e-01
5.611313868613139189e-01
5.620437956204379359e-01
5.629562043795620641e-01
5.688868613138685637e-01
5.688868613138685637e-01
5.734489051094890932e-01
5.761861313868613665e-01
5.784671532846715758e-01
5.784671532846715758e-01
5.812043795620438491e-01
5.812043795620438491e-01
5.821167883211678662e-01
5.821167883211678662e-01
5.834854014598540584e-01
5.843978102189780754e-01
5.853102189781022036e-01
5.880474452554744769e-01
5.880474452554744769e-01
5.894160583941605580e-01
5.894160583941605580e-01
5.944343065693430406e-01
5.944343065693430406e-01
5.962591240875911858e-01
5.989963503649634591e-01
6.053832116788321338e-01
6.053832116788321338e-01
6.067518248175182149e-01
6.067518248175182149e-01
6.076642335766423431e-01
6.076642335766423431e-01
6.172445255474452441e-01
6.181569343065693722e-01
6.186131386861314363e-01
6.186131386861314363e-01
6.204379562043795815e-01
6.204379562043795815e-01
6.240875912408758719e-01
6.240875912408758719e-01
6.245437956204379359e-01
6.245437956204379359e-01
6.250000000000000000e-01
6.259124087591241281e-01
6.291058394160583545e-01
6.291058394160583545e-01
6.309306569343066107e-01
6.309306569343066107e-01
6.341240875912408370e-01
6.341240875912408370e-01
6.345802919708029011e-01
6.345802919708029011e-01
6.364051094890510463e-01
6.373175182481751744e-01
6.386861313868613665e-01
6.432481751824817851e-01
6.432481751824817851e-01
6.437043795620438491e-01
6.437043795620438491e-01
6.464416058394160114e-01
6.464416058394160114e-01
6.519160583941605580e-01
6.519160583941605580e-01
6.523722627737226221e-01
6.523722627737226221e-01
6.532846715328467502e-01
6.532846715328467502e-01
6.546532846715328313e-01
6.546532846715328313e-01
6.560218978102190235e-01
6.560218978102190235e-01
6.633211678832117153e-01
6.633211678832117153e-01
6.646897810218977964e-01
6.646897810218977964e-01
6.665145985401459416e-01
6.665145985401459416e-01
6.683394160583941979e-01
6.692518248175182149e-01
6.692518248175182149e-01
6.701642335766423431e-01
6.710766423357664712e-01
6.783759124087591630e-01
6.783759124087591630e-01
6.788321167883211160e-01
6.788321167883211160e-01
6.802007299270073082e-01
6.802007299270073082e-01
6.806569343065693722e-01
6.806569343065693722e-01
6.833941605839416455e-01
6.833941605839416455e-01
6.875000000000000000e-01
6.875000000000000000e-01
6.884124087591241281e-01
6.884124087591241281e-01
7.011861313868613665e-01
7.011861313868613665e-01
7.016423357664233196e-01
7.016423357664233196e-01
7.020985401459853836e-01
7.030109489051095117e-01
7.039233576642335288e-01
7.039233576642335288e-01
7.057481751824817851e-01
7.057481751824817851e-01
7.066605839416058021e-01
7.075729927007299302e-01
7.116788321167882847e-01
7.116788321167882847e-01
7.135036496350365409e-01
7.135036496350365409e-01
7.139598540145984940e-01
7.139598540145984940e-01
7.153284671532846861e-01
7.153284671532846861e-01
7.185218978102190235e-01
7.185218978102190235e-01
7.194343065693430406e-01
7.194343065693430406e-01
7.249087591240875872e-01
7.249087591240875872e-01
7.253649635036496512e-01
7.253649635036496512e-01
7.267335766423357324e-01
7.267335766423357324e-01
7.276459854014598605e-01
7.285583941605839886e-01
7.294708029197080057e-01
7.294708029197080057e-01
7.303832116788321338e-01
7.322080291970802790e-01
7.322080291970802790e-01
7.354014598540146164e-01
7.354014598540146164e-01
7.367700729927006975e-01
7.367700729927006975e-01
7.385948905109489537e-01
7.385948905109489537e-01
7.390510948905109068e-01
7.390510948905109068e-01
7.399635036496350349e-01
7.399635036496350349e-01
7.404197080291970989e-01
7.404197080291970989e-01
7.449817518248175174e-01
7.449817518248175174e-01
7.468065693430656626e-01
7.468065693430656626e-01
7.495437956204379359e-01
7.495437956204379359e-01
7.500000000000000000e-01
7.500000000000000000e-01
7.509124087591241281e-01
7.509124087591241281e-01
7.518248175182481452e-01
7.518248175182481452e-01
7.527372262773722733e-01
7.527372262773722733e-01
7.541058394160583545e-01
7.541058394160583545e-01
7.559306569343066107e-01
7.559306569343066107e-01
7.614051094890510463e-01
7.614051094890510463e-01
7.623175182481751744e-01
7.623175182481751744e-01
7.650547445255474477e-01
7.650547445255474477e-01
7.673357664233576569e-01
7.673357664233576569e-01
7.682481751824817851e-01
7.682481751824817851e-01
7.705291970802919943e-01
7.705291970802919943e-01
7.718978102189780754e-01
7.718978102189780754e-01
7.732664233576642676e-01
7.732664233576642676e-01
7.737226277372263317e-01
7.746350364963503488e-01
7.746350364963503488e-01
7.769160583941605580e-01
7.769160583941605580e-01
7.773722627737226221e-01
7.773722627737226221e-01
7.801094890510948954e-01
7.801094890510948954e-01
7.828467153284671687e-01
7.837591240875911858e-01
7.846715328467153139e-01
7.846715328467153139e-01
7.855839416058394420e-01
7.855839416058394420e-01
7.883211678832117153e-01
7.883211678832117153e-01
7.896897810218977964e-01
7.910583941605839886e-01
7.910583941605839886e-01
7.919708029197080057e-01
7.919708029197080057e-01
7.928832116788321338e-01
7.937956204379561509e-01
7.965328467153284242e-01
7.965328467153284242e-01
7.969890510948904883e-01
7.969890510948904883e-01
7.992700729927006975e-01
7.992700729927006975e-01
7.997262773722627616e-01
7.997262773722627616e-01
8.010948905109489537e-01
8.010948905109489537e-01
8.042883211678831801e-01
8.042883211678831801e-01
8.047445255474452441e-01
8.047445255474452441e-01
8.065693430656933893e-01
8.065693430656933893e-01
8.074817518248175174e-01
8.074817518248175174e-01
8.079379562043795815e-01
8.079379562043795815e-01
8.093065693430656626e-01
8.093065693430656626e-01
8.120437956204379359e-01
8.120437956204379359e-01
8.125000000000000000e-01
8.125000000000000000e-01
8.134124087591241281e-01
8.134124087591241281e-01
8.156934306569343374e-01
8.156934306569343374e-01
8.170620437956204185e-01
8.170620437956204185e-01
8.184306569343066107e-01
8.184306569343066107e-01
8.193430656934306278e-01
8.193430656934306278e-01
8.207116788321168199e-01
8.220802919708029011e-01
8.248175182481751744e-01
8.248175182481751744e-01
8.252737226277372384e-01
8.252737226277372384e-01
8.266423357664233196e-01
8.266423357664233196e-01
8.298357664233576569e-01
8.298357664233576569e-01
8.307481751824817851e-01
8.316605839416058021e-01
8.362226277372263317e-01
8.362226277372263317e-01
8.366788321167882847e-01
8.366788321167882847e-01
8.398722627737226221e-01
8.398722627737226221e-01
8.407846715328467502e-01
8.407846715328467502e-01
8.416970802919707673e-01
8.416970802919707673e-01
8.426094890510948954e-01
8.426094890510948954e-01
8.444343065693430406e-01
8.444343065693430406e-01
8.453467153284671687e-01
8.453467153284671687e-01
8.458029197080292327e-01
8.458029197080292327e-01
8.494525547445255231e-01
8.503649635036496512e-01
8.508211678832117153e-01
8.508211678832117153e-01
8.521897810218977964e-01
8.521897810218977964e-01
8.531021897810219246e-01
8.531021897810219246e-01
8.549270072992700698e-01
8.549270072992700698e-01
8.553832116788321338e-01
8.553832116788321338e-01
8.567518248175182149e-01
8.567518248175182149e-01
8.585766423357664712e-01
8.585766423357664712e-01
8.590328467153284242e-01
8.590328467153284242e-01
8.594890510948904883e-01
8.594890510948904883e-01
8.613138686131386335e-01
8.613138686131386335e-01
8.622262773722627616e-01
8.622262773722627616e-01
8.631386861313868897e-01
8.631386861313868897e-01
8.640510948905109068e-01
8.640510948905109068e-01
8.667883211678831801e-01
8.667883211678831801e-01
8.672445255474452441e-01
8.672445255474452441e-01
8.681569343065693722e-01
8.681569343065693722e-01
8.686131386861314363e-01
8.686131386861314363e-01
8.699817518248175174e-01
8.699817518248175174e-01
8.713503649635035986e-01
8.713503649635035986e-01
8.718065693430656626e-01
8.718065693430656626e-01
8.727189781021897907e-01
8.727189781021897907e-01
8.736313868613139189e-01
8.745437956204379359e-01
8.750000000000000000e-01
8.750000000000000000e-01
8.754562043795620641e-01
8.754562043795620641e-01
8.759124087591241281e-01
8.759124087591241281e-01
8.763686131386860811e-01
8.763686131386860811e-01
8.768248175182481452e-01
8.768248175182481452e-01
8.772810218978102093e-01
8.772810218978102093e-01
8.781934306569343374e-01
8.781934306569343374e-01
8.786496350364964014e-01
8.786496350364964014e-01
8.791058394160583545e-01
8.791058394160583545e-01
8.800182481751824826e-01
8.800182481751824826e-01
8.827554744525547559e-01
8.827554744525547559e-01
8.841240875912408370e-01
8.841240875912408370e-01
8.845802919708029011e-01
8.845802919708029011e-01
8.850364963503649651e-01
8.850364963503649651e-01
8.854927007299270292e-01
8.854927007299270292e-01
8.859489051094890932e-01
8.859489051094890932e-01
8.864051094890510463e-01
8.864051094890510463e-01
8.873175182481751744e-01
8.873175182481751744e-01
8.877737226277372384e-01
8.877737226277372384e-01
8.886861313868613665e-01
8.886861313868613665e-01
8.900547445255474477e-01
8.900547445255474477e-01
8.909671532846715758e-01
8.909671532846715758e-01
8.918795620437955929e-01
8.918795620437955929e-01
8.923357664233576569e-01
8.923357664233576569e-01
8.927919708029197210e-01
8.927919708029197210e-01
8.932481751824817851e-01
8.932481751824817851e-01
8.937043795620438491e-01
8.937043795620438491e-01
8.950729927007299302e-01
8.950729927007299302e-01
8.955291970802919943e-01
8.955291970802919943e-01
8.959854014598540584e-01
8.959854014598540584e-01
8.991788321167882847e-01
8.991788321167882847e-01
8.996350364963503488e-01
8.996350364963503488e-01
9.005474452554744769e-01
9.005474452554744769e-01
9.010036496350365409e-01
9.010036496350365409e-01
9.014598540145984940e-01
9.014598540145984940e-01
9.019160583941605580e-01
9.019160583941605580e-01
9.023722627737226221e-01
9.023722627737226221e-01
9.032846715328467502e-01
9.032846715328467502e-01
9.037408759124088142e-01
9.037408759124088142e-01
9.046532846715328313e-01
9.046532846715328313e-01
9.046532846715328313e-01
9.051094890510948954e-01
9.051094890510948954e-01
9.055656934306569594e-01
9.055656934306569594e-01
9.064781021897809765e-01
9.064781021897809765e-01
9.073905109489051046e-01
9.073905109489051046e-01
9.083029197080292327e-01
9.083029197080292327e-01
9.087591240875911858e-01
9.087591240875911858e-01
9.096715328467153139e-01
9.096715328467153139e-01
9.101277372262773779e-01
9.101277372262773779e-01
9.105839416058394420e-01
9.114963503649634591e-01
9.119525547445255231e-01
9.119525547445255231e-01
9.128649635036496512e-01
9.128649635036496512e-01
9.133211678832117153e-01
9.133211678832117153e-01
9.142335766423357324e-01
9.142335766423357324e-01
9.151459854014598605e-01
9.151459854014598605e-01
9.169708029197080057e-01
9.169708029197080057e-01
9.174270072992700698e-01
9.174270072992700698e-01
9.178832116788321338e-01
9.178832116788321338e-01
9.187956204379561509e-01
9.192518248175182149e-01
9.192518248175182149e-01
9.197080291970802790e-01
9.197080291970802790e-01
9.210766423357664712e-01
9.210766423357664712e-01
9.215328467153284242e-01
9.215328467153284242e-01
9.224452554744525523e-01
9.224452554744525523e-01
9.242700729927006975e-01
9.242700729927006975e-01
9.247262773722627616e-01
9.247262773722627616e-01
9.251824817518248256e-01
9.251824817518248256e-01
9.270072992700729708e-01
9.270072992700729708e-01
9.279197080291970989e-01
9.279197080291970989e-01
9.288321167883211160e-01
9.288321167883211160e-01
9.292883211678831801e-01
9.292883211678831801e-01
9.302007299270073082e-01
9.302007299270073082e-01
9.306569343065693722e-01
9.306569343065693722e-01
9.315693430656933893e-01
9.315693430656933893e-01
9.333941605839416455e-01
9.333941605839416455e-01
9.343065693430656626e-01
9.343065693430656626e-01
9.347627737226277267e-01
9.356751824817518548e-01
9.356751824817518548e-01
9.361313868613139189e-01
9.361313868613139189e-01
9.361313868613139189e-01
9.361313868613139189e-01
9.365875912408758719e-01
9.365875912408758719e-01
9.370437956204379359e-01
9.370437956204379359e-01
9.375000000000000000e-01
9.375000000000000000e-01
9.384124087591241281e-01
9.384124087591241281e-01
9.393248175182481452e-01
9.393248175182481452e-01
9.397810218978102093e-01
9.397810218978102093e-01
9.402372262773722733e-01
9.402372262773722733e-01
9.406934306569343374e-01
9.406934306569343374e-01
9.411496350364964014e-01
9.411496350364964014e-01
9.416058394160583545e-01
9.416058394160583545e-01
9.425182481751824826e-01
9.425182481751824826e-01
9.429744525547445466e-01
9.429744525547445466e-01
9.438868613138685637e-01
9.447992700729926918e-01
9.447992700729926918e-01
9.452554744525547559e-01
9.452554744525547559e-01
9.457116788321168199e-01
9.457116788321168199e-01
9.466240875912408370e-01
9.466240875912408370e-01
9.470802919708029011e-01
9.470802919708029011e-01
9.475364963503649651e-01
9.475364963503649651e-01
9.479927007299270292e-01
9.479927007299270292e-01
9.484489051094890932e-01
9.484489051094890932e-01
9.489051094890510463e-01
9.489051094890510463e-01
9.493613138686131103e-01
9.493613138686131103e-01
9.502737226277372384e-01
9.502737226277372384e-01
9.507299270072993025e-01
9.507299270072993025e-01
9.511861313868613665e-01
9.511861313868613665e-01
9.516423357664233196e-01
9.516423357664233196e-01
9.520985401459853836e-01
9.520985401459853836e-01
9.530109489051095117e-01
9.530109489051095117e-01
9.534671532846715758e-01
9.534671532846715758e-01
9.543795620437955929e-01
9.543795620437955929e-01
9.548357664233576569e-01
9.548357664233576569e-01
9.552919708029197210e-01
9.552919708029197210e-01
9.557481751824817851e-01
9.557481751824817851e-01
9.562043795620438491e-01
9.562043795620438491e-01
9.566605839416058021e-01
9.566605839416058021e-01
9.571167883211678662e-01
9.571167883211678662e-01
9.575729927007299302e-01
9.575729927007299302e-01
9.575729927007299302e-01
9.580291970802919943e-01
9.580291970802919943e-01
9.584854014598540584e-01
9.584854014598540584e-01
9.589416058394160114e-01
9.589416058394160114e-01
9.593978102189780754e-01
9.593978102189780754e-01
9.603102189781022036e-01
9.603102189781022036e-01
9.607664233576642676e-01
9.607664233576642676e-01
9.612226277372263317e-01
9.612226277372263317e-01
9.616788321167882847e-01
9.616788321167882847e-01
9.621350364963503488e-01
9.621350364963503488e-01
9.625912408759124128e-01
9.625912408759124128e-01
9.630474452554744769e-01
9.630474452554744769e-01
9.635036496350365409e-01
9.635036496350365409e-01
9.639598540145984940e-01
9.639598540145984940e-01
9.644160583941605580e-01
9.644160583941605580e-01
9.648722627737226221e-01
9.648722627737226221e-01
9.648722627737226221e-01
9.648722627737226221e-01
9.653284671532846861e-01
9.653284671532846861e-01
9.657846715328467502e-01
9.657846715328467502e-01
9.662408759124088142e-01
9.662408759124088142e-01
9.666970802919707673e-01
9.666970802919707673e-01
9.685218978102190235e-01
9.685218978102190235e-01
9.689781021897809765e-01
9.689781021897809765e-01
9.694343065693430406e-01
9.694343065693430406e-01
9.703467153284671687e-01
9.703467153284671687e-01
9.712591240875911858e-01
9.712591240875911858e-01
9.717153284671532498e-01
9.717153284671532498e-01
9.721715328467153139e-01
9.721715328467153139e-01
9.726277372262773779e-01
9.726277372262773779e-01
9.735401459854015060e-01
9.735401459854015060e-01
9.739963503649634591e-01
9.739963503649634591e-01
9.749087591240875872e-01
9.749087591240875872e-01
9.749087591240875872e-01
9.758211678832117153e-01
9.758211678832117153e-01
9.758211678832117153e-01
9.758211678832117153e-01
9.762773722627736683e-01
9.762773722627736683e-01
9.767335766423357324e-01
9.767335766423357324e-01
9.771897810218977964e-01
9.771897810218977964e-01
9.776459854014598605e-01
9.776459854014598605e-01
9.781021897810219246e-01
9.781021897810219246e-01
9.785583941605839886e-01
9.785583941605839886e-01
9.790145985401459416e-01
9.790145985401459416e-01
9.794708029197080057e-01
9.794708029197080057e-01
9.799270072992700698e-01
9.799270072992700698e-01
9.808394160583941979e-01
9.808394160583941979e-01
9.812956204379561509e-01
9.812956204379561509e-01
9.822080291970802790e-01
9.822080291970802790e-01
9.831204379562044071e-01
9.831204379562044071e-01
9.835766423357664712e-01
9.835766423357664712e-01
9.840328467153284242e-01
9.840328467153284242e-01
9.844890510948904883e-01
9.844890510948904883e-01
9.849452554744525523e-01
9.849452554744525523e-01
9.849452554744525523e-01
9.854014598540146164e-01
9.854014598540146164e-01
9.858576642335766804e-01
9.858576642335766804e-01
9.863138686131386335e-01
9.863138686131386335e-01
9.863138686131386335e-01
9.863138686131386335e-01
9.867700729927006975e-01
9.867700729927006975e-01
9.872262773722627616e-01
9.872262773722627616e-01
9.876824817518248256e-01
9.876824817518248256e-01
9.881386861313868897e-01
9.881386861313868897e-01
9.885948905109489537e-01
9.885948905109489537e-01
9.890510948905109068e-01
9.890510948905109068e-01
9.899635036496350349e-01
9.899635036496350349e-01
9.904197080291970989e-01
9.904197080291970989e-01
9.908759124087591630e-01
9.908759124087591630e-01
9.913321167883211160e-01
9.913321167883211160e-01
9.917883211678831801e-01
9.917883211678831801e-01
9.922445255474452441e-01
9.922445255474452441e-01
9.927007299270073082e-01
9.927007299270073082e-01
9.931569343065693722e-01
9.931569343065693722e-01
9.931569343065693722e-01
9.931569343065693722e-01
9.936131386861314363e-01
9.936131386861314363e-01
9.936131386861314363e-01
9.936131386861314363e-01
9.936131386861314363e-01
9.936131386861314363e-01
9.940693430656933893e-01
9.940693430656933893e-01
9.945255474452554534e-01
9.945255474452554534e-01
9.945255474452554534e-01
9.945255474452554534e-01
9.949817518248175174e-01
9.949817518248175174e-01
9.949817518248175174e-01
9.949817518248175174e-01
9.949817518248175174e-01
9.949817518248175174e-01
9.954379562043795815e-01
9.954379562043795815e-01
9.954379562043795815e-01
9.954379562043795815e-01
9.958941605839416455e-01
9.958941605839416455e-01
9.963503649635035986e-01
9.963503649635035986e-01
9.968065693430656626e-01
9.968065693430656626e-01
9.968065693430656626e-01
9.968065693430656626e-01
9.968065693430656626e-01
9.968065693430656626e-01
9.968065693430656626e-01
9.968065693430656626e-01
9.968065693430656626e-01
9.968065693430656626e-01
9.968065693430656626e-01
9.968065693430656626e-01
9.968065693430656626e-01
9.968065693430656626e-01
9.968065693430656626e-01
9.968065693430656626e-01
9.968065693430656626e-01
9.968065693430656626e-01
9.968065693430656626e-01
9.968065693430656626e-01
9.968065693430656626e-01
9.968065693430656626e-01
9.972627737226277267e-01
9.981751824817518548e-01
9.981751824817518548e-01
9.981751824817518548e-01
9.981751824817518548e-01
9.981751824817518548e-01
9.981751824817518548e-01
9.981751824817518548e-01
9.981751824817518548e-01
9.981751824817518548e-01
9.981751824817518548e-01
9.981751824817518548e-01
9.981751824817518548e-01
9.981751824817518548e-01
9.981751824817518548e-01
9.986313868613139189e-01
9.986313868613139189e-01
9.986313868613139189e-01
9.986313868613139189e-01
9.986313868613139189e-01
9.986313868613139189e-01
9.986313868613139189e-01
9.986313868613139189e-01
9.986313868613139189e-01
9.986313868613139189e-01
9.986313868613139189e-01
9.986313868613139189e-01
9.986313868613139189e-01
9.986313868613139189e-01
9.986313868613139189e-01
9.990875912408758719e-01
9.990875912408758719e-01
9.990875912408758719e-01
9.990875912408758719e-01
9.990875912408758719e-01
9.990875912408758719e-01
9.990875912408758719e-01
9.990875912408758719e-01
9.990875912408758719e-01
9.990875912408758719e-01
9.990875912408758719e-01
9.990875912408758719e-01
9.995437956204379359e-01
9.995437956204379359e-01
1.000000000000000000e+00
1.000000000000000000e+00
1.000000000000000000e+00
1.000000000000000000e+00
1.000000000000000000e+00
1.000000000000000000e+00
